0 info it worked if it ends with ok
1 verbose cli [ 'C:\\Program Files\\nodejs\\node.exe',
1 verbose cli   'C:\\Users\\JC\\AppData\\Roaming\\npm\\node_modules\\npm\\bin\\npm-cli.js',
1 verbose cli   'run',
1 verbose cli   'watch' ]
2 info using npm@3.9.6
3 info using node@v6.9.1
4 verbose run-script [ 'prewatch', 'watch', 'postwatch' ]
5 info lifecycle producteve@1.0.0~prewatch: producteve@1.0.0
6 silly lifecycle producteve@1.0.0~prewatch: no script for prewatch, continuing
7 info lifecycle producteve@1.0.0~watch: producteve@1.0.0
8 verbose lifecycle producteve@1.0.0~watch: unsafe-perm in lifecycle true
9 verbose lifecycle producteve@1.0.0~watch: PATH: C:\Users\JC\AppData\Roaming\npm\node_modules\npm\bin\node-gyp-bin;C:\wamp\www\HackathonGit\TheMajorityReport\node_modules\.bin;C:\Program Files\nodejs;C:\Program Files\ConEmu\ConEmu\Scripts;C:\Program Files\ConEmu\ConEmu\Scripts;C:\Program Files\ConEmu;C:\Program Files\ConEmu\ConEmu;c:\Program Files (x86)\Intel\iCLS Client\;c:\Program Files\Intel\iCLS Client\;C:\WINDOWS\system32;C:\WINDOWS;C:\WINDOWS\System32\Wbem;C:\WINDOWS\System32\WindowsPowerShell\v1.0\;C:\Program Files\Intel\Intel(R) Management Engine Components\DAL;C:\Program Files\Intel\Intel(R) Management Engine Components\IPT;C:\Program Files (x86)\Intel\Intel(R) Management Engine Components\DAL;C:\Program Files (x86)\Intel\Intel(R) Management Engine Components\IPT;C:\Program Files\Intel\WiFi\bin\;C:\Program Files\Common Files\Intel\WirelessCommon\;c:\Program Files (x86)\ATI Technologies\ATI.ACE\Core-Static;C:\Program Files\TortoiseSVN\bin;C:\WINDOWS\system32\config\systemprofile\.dnx\bin;C:\Program Files\Microsoft DNX\Dnvm\;C:\Program Files (x86)\Microsoft SQL Server\90\Tools\binn\;C:\wamp\bin\php\php5.5.12;C:\ProgramData\ComposerSetup\bin;C:\HashiCorp\Vagrant\bin;C:\Program Files (x86)\Yarn\bin;C:\Program Files\nodejs\;C:\Program Files (x86)\Google\Cloud SDK\google-cloud-sdk\bin;C:\Program Files (x86)\Skype\Phone\;C:\Program Files\TortoiseGit\bin;C:\Program Files\PuTTY\;C:\wamp\bin\php\php7.0.9;C:\wamp\bin\mysql\mysql5.7.14\bin;C:\Program Files\Git\cmd;C:\Users\JC\AppData\Local\Programs\Python\Python35;C:\Users\JC\AppData\Local\Programs\Python\Python35\Scripts;C:\Program Files\MongoDB\Server\3.4\bin;C:\Users\JC\AppData\Roaming\Composer\vendor\bin;C:\Program Files\Redis;C:\Users\JC\AppData\Local\Microsoft\WindowsApps;C:\Users\JC\AppData\Local\Yarn\.bin;C:\Users\JC\AppData\Roaming\npm;
10 verbose lifecycle producteve@1.0.0~watch: CWD: C:\wamp\www\HackathonGit\TheMajorityReport
11 silly lifecycle producteve@1.0.0~watch: Args: [ '/d /s /c',
11 silly lifecycle   'cross-env NODE_ENV=development node_modules/webpack/bin/webpack.js --watch --progress --hide-modules --config=node_modules/laravel-mix/setup/webpack.config.js' ]
12 silly lifecycle producteve@1.0.0~watch: Returned: code: 1  signal: null
13 info lifecycle producteve@1.0.0~watch: Failed to exec watch script
14 verbose stack Error: producteve@1.0.0 watch: `cross-env NODE_ENV=development node_modules/webpack/bin/webpack.js --watch --progress --hide-modules --config=node_modules/laravel-mix/setup/webpack.config.js`
14 verbose stack Exit status 1
14 verbose stack     at EventEmitter.<anonymous> (C:\Users\JC\AppData\Roaming\npm\node_modules\npm\lib\utils\lifecycle.js:245:16)
14 verbose stack     at emitTwo (events.js:106:13)
14 verbose stack     at EventEmitter.emit (events.js:191:7)
14 verbose stack     at ChildProcess.<anonymous> (C:\Users\JC\AppData\Roaming\npm\node_modules\npm\lib\utils\spawn.js:24:14)
14 verbose stack     at emitTwo (events.js:106:13)
14 verbose stack     at ChildProcess.emit (events.js:191:7)
14 verbose stack     at maybeClose (internal/child_process.js:877:16)
14 verbose stack     at Process.ChildProcess._handle.onexit (internal/child_process.js:226:5)
15 verbose pkgid producteve@1.0.0
16 verbose cwd C:\wamp\www\HackathonGit\TheMajorityReport
17 error Windows_NT 10.0.15063
18 error argv "C:\\Program Files\\nodejs\\node.exe" "C:\\Users\\JC\\AppData\\Roaming\\npm\\node_modules\\npm\\bin\\npm-cli.js" "run" "watch"
19 error node v6.9.1
20 error npm  v3.9.6
21 error code ELIFECYCLE
22 error producteve@1.0.0 watch: `cross-env NODE_ENV=development node_modules/webpack/bin/webpack.js --watch --progress --hide-modules --config=node_modules/laravel-mix/setup/webpack.config.js`
22 error Exit status 1
23 error Failed at the producteve@1.0.0 watch script 'cross-env NODE_ENV=development node_modules/webpack/bin/webpack.js --watch --progress --hide-modules --config=node_modules/laravel-mix/setup/webpack.config.js'.
23 error Make sure you have the latest version of node.js and npm installed.
23 error If you do, this is most likely a problem with the producteve package,
23 error not with npm itself.
23 error Tell the author that this fails on your system:
23 error     cross-env NODE_ENV=development node_modules/webpack/bin/webpack.js --watch --progress --hide-modules --config=node_modules/laravel-mix/setup/webpack.config.js
23 error You can get information on how to open an issue for this project with:
23 error     npm bugs producteve
23 error Or if that isn't available, you can get their info via:
23 error     npm owner ls producteve
23 error There is likely additional logging output above.
24 verbose exit [ 1, true ]
